2016-09-09 23:15:15.413 [main] INFO  io.agi.framework.persistence.PersistenceFactory - Using JDBC (SQL) for persistence.
2016-09-09 23:15:15.418 [main] INFO  io.agi.framework.coordination.CoordinationFactory - Distributed coordination.
2016-09-09 23:15:15.984 [main] INFO  io.agi.framework.Framework - Set config of: 2016-09-09-11:15:15/experiment path: terminationAge value: 50000
2016-09-09 23:15:16.011 [main] INFO  io.agi.framework.Framework - Set config of: 2016-09-09-11:15:15/image-class path: receptiveField.receptiveFieldX value: 0
2016-09-09 23:15:16.033 [main] INFO  io.agi.framework.Framework - Set config of: 2016-09-09-11:15:15/image-class path: receptiveField.receptiveFieldY value: 0
2016-09-09 23:15:16.055 [main] INFO  io.agi.framework.Framework - Set config of: 2016-09-09-11:15:15/image-class path: receptiveField.receptiveFieldW value: 28
2016-09-09 23:15:16.078 [main] INFO  io.agi.framework.Framework - Set config of: 2016-09-09-11:15:15/image-class path: receptiveField.receptiveFieldH value: 28
2016-09-09 23:15:16.099 [main] INFO  io.agi.framework.Framework - Set config of: 2016-09-09-11:15:15/image-class path: resolution.resolutionX value: 28
2016-09-09 23:15:16.121 [main] INFO  io.agi.framework.Framework - Set config of: 2016-09-09-11:15:15/image-class path: resolution.resolutionY value: 28
2016-09-09 23:15:16.144 [main] INFO  io.agi.framework.Framework - Set config of: 2016-09-09-11:15:15/image-class path: greyscale value: true
2016-09-09 23:15:16.165 [main] INFO  io.agi.framework.Framework - Set config of: 2016-09-09-11:15:15/image-class path: invert value: true
2016-09-09 23:15:16.187 [main] INFO  io.agi.framework.Framework - Set config of: 2016-09-09-11:15:15/image-class path: sourceType value: images
2016-09-09 23:15:16.209 [main] INFO  io.agi.framework.Framework - Set config of: 2016-09-09-11:15:15/image-class path: sourceFilesPrefix value: postproc
2016-09-09 23:15:16.231 [main] INFO  io.agi.framework.Framework - Set config of: 2016-09-09-11:15:15/image-class path: sourceFilesPathTraining value: /home/dave/workspace/agi.io/data/mnist/10k_train
2016-09-09 23:15:16.252 [main] INFO  io.agi.framework.Framework - Set config of: 2016-09-09-11:15:15/image-class path: sourceFilesPathTesting value: /home/dave/workspace/agi.io/data/mnist/5k_test
2016-09-09 23:15:16.274 [main] INFO  io.agi.framework.Framework - Set config of: 2016-09-09-11:15:15/image-class path: trainingBatches value: 80
2016-09-09 23:15:16.297 [main] INFO  io.agi.framework.Framework - Set config of: 2016-09-09-11:15:15/image-encoder path: density value: 1
2016-09-09 23:15:16.318 [main] INFO  io.agi.framework.Framework - Set config of: 2016-09-09-11:15:15/image-encoder path: bits value: 1
2016-09-09 23:15:16.339 [main] INFO  io.agi.framework.Framework - Set config of: 2016-09-09-11:15:15/image-encoder path: encodeZero value: false
2016-09-09 23:15:16.359 [main] INFO  io.agi.framework.Framework - Set config of: 2016-09-09-11:15:15/image-region-1-ff path: contextFreeLearningRate value: 0.01
2016-09-09 23:15:16.381 [main] INFO  io.agi.framework.Framework - Set config of: 2016-09-09-11:15:15/image-region-1-ff path: contextFreeWidthCells value: 32
2016-09-09 23:15:16.402 [main] INFO  io.agi.framework.Framework - Set config of: 2016-09-09-11:15:15/image-region-1-ff path: contextFreeHeightCells value: 32
2016-09-09 23:15:16.423 [main] INFO  io.agi.framework.Framework - Set config of: 2016-09-09-11:15:15/image-region-1-ff path: contextFreeBinaryOutput value: true
2016-09-09 23:15:16.444 [main] INFO  io.agi.framework.Framework - Set config of: 2016-09-09-11:15:15/image-region-1-ff path: contextFreeSparsity value: 0
2016-09-09 23:15:16.466 [main] INFO  io.agi.framework.Framework - Set config of: 2016-09-09-11:15:15/image-region-1-ff path: contextFreeSparsityOutput value: 2.5
2016-09-09 23:15:16.487 [main] INFO  io.agi.framework.Framework - Set config of: 2016-09-09-11:15:15/image-region-1-ff path: contextFreeSparsityMin value: 25.0
2016-09-09 23:15:16.508 [main] INFO  io.agi.framework.Framework - Set config of: 2016-09-09-11:15:15/image-region-1-ff path: contextFreeSparsityMax value: 921.0
2016-09-09 23:15:16.528 [main] INFO  io.agi.framework.Framework - Set config of: 2016-09-09-11:15:15/image-region-1-ff path: contextFreeAgeMin value: 0
2016-09-09 23:15:16.550 [main] INFO  io.agi.framework.Framework - Set config of: 2016-09-09-11:15:15/image-region-1-ff path: contextFreeAgeMax value: 1400
2016-09-09 23:15:16.571 [main] INFO  io.agi.framework.Framework - Set config of: 2016-09-09-11:15:15/image-region-1-ff path: contextFreeAge value: 0
2016-09-09 23:15:16.592 [main] INFO  io.agi.framework.Framework - Set config of: 2016-09-09-11:15:15/image-region-1-ff path: contextFreeAgeScale value: 12.0
2016-09-09 23:15:16.613 [main] INFO  io.agi.framework.Framework - Set config of: 2016-09-09-11:15:15/image-region-1-ff path: outputSparsity value: 2.5
2016-09-09 23:15:16.634 [main] INFO  io.agi.framework.Framework - Set config of: 2016-09-09-11:15:15/image-region-1-ff path: defaultPredictionInhibition value: 1.0
2016-09-09 23:15:16.655 [main] INFO  io.agi.framework.Framework - Set config of: 2016-09-09-11:15:15/image-region-1-ff path: predictorLearningRate value: 0.01
2016-09-09 23:15:16.675 [main] INFO  io.agi.framework.Framework - Set config of: 2016-09-09-11:15:15/image-region-2-ff path: contextFreeLearningRate value: 0.01
2016-09-09 23:15:16.697 [main] INFO  io.agi.framework.Framework - Set config of: 2016-09-09-11:15:15/image-region-2-ff path: contextFreeWidthCells value: 20
2016-09-09 23:15:16.721 [main] INFO  io.agi.framework.Framework - Set config of: 2016-09-09-11:15:15/image-region-2-ff path: contextFreeHeightCells value: 20
2016-09-09 23:15:16.743 [main] INFO  io.agi.framework.Framework - Set config of: 2016-09-09-11:15:15/image-region-2-ff path: contextFreeBinaryOutput value: true
2016-09-09 23:15:16.763 [main] INFO  io.agi.framework.Framework - Set config of: 2016-09-09-11:15:15/image-region-2-ff path: contextFreeSparsity value: 0
2016-09-09 23:15:16.784 [main] INFO  io.agi.framework.Framework - Set config of: 2016-09-09-11:15:15/image-region-2-ff path: contextFreeSparsityOutput value: 2.25
2016-09-09 23:15:16.805 [main] INFO  io.agi.framework.Framework - Set config of: 2016-09-09-11:15:15/image-region-2-ff path: contextFreeSparsityMin value: 12.0
2016-09-09 23:15:16.827 [main] INFO  io.agi.framework.Framework - Set config of: 2016-09-09-11:15:15/image-region-2-ff path: contextFreeSparsityMax value: 360.0
2016-09-09 23:15:16.849 [main] INFO  io.agi.framework.Framework - Set config of: 2016-09-09-11:15:15/image-region-2-ff path: contextFreeAgeMin value: 0
2016-09-09 23:15:16.870 [main] INFO  io.agi.framework.Framework - Set config of: 2016-09-09-11:15:15/image-region-2-ff path: contextFreeAgeMax value: 1400
2016-09-09 23:15:16.891 [main] INFO  io.agi.framework.Framework - Set config of: 2016-09-09-11:15:15/image-region-2-ff path: contextFreeAge value: 0
2016-09-09 23:15:16.929 [main] INFO  io.agi.framework.Framework - Set config of: 2016-09-09-11:15:15/image-region-2-ff path: contextFreeAgeScale value: 12.0
2016-09-09 23:15:16.950 [main] INFO  io.agi.framework.Framework - Set config of: 2016-09-09-11:15:15/image-region-2-ff path: outputSparsity value: 2.25
2016-09-09 23:15:16.972 [main] INFO  io.agi.framework.Framework - Set config of: 2016-09-09-11:15:15/image-region-2-ff path: defaultPredictionInhibition value: 1.0
2016-09-09 23:15:16.993 [main] INFO  io.agi.framework.Framework - Set config of: 2016-09-09-11:15:15/image-region-2-ff path: predictorLearningRate value: 0.01
2016-09-09 23:15:17.014 [main] INFO  io.agi.framework.Framework - Set config of: 2016-09-09-11:15:15/class-features path: classEntityName value: 2016-09-09-11:15:15/image-class
2016-09-09 23:15:17.035 [main] INFO  io.agi.framework.Framework - Set config of: 2016-09-09-11:15:15/class-features path: classConfigPath value: imageClass
2016-09-09 23:15:17.057 [main] INFO  io.agi.framework.Framework - Set config of: 2016-09-09-11:15:15/class-features path: classes value: 10
2016-09-09 23:15:17.078 [main] INFO  io.agi.framework.Framework - Set config of: 2016-09-09-11:15:15/class-features path: onlineLearning value: true
2016-09-09 23:15:17.099 [main] INFO  io.agi.framework.Framework - Set config of: 2016-09-09-11:15:15/class-features path: onlineLearningRate value: 0.01
2016-09-09 23:15:17.120 [main] INFO  io.agi.framework.Framework - Set config of: 2016-09-09-11:15:15/value-series-predicted path: period value: -1
2016-09-09 23:15:17.141 [main] INFO  io.agi.framework.Framework - Set config of: 2016-09-09-11:15:15/value-series-error path: period value: -1
2016-09-09 23:15:17.162 [main] INFO  io.agi.framework.Framework - Set config of: 2016-09-09-11:15:15/value-series-truth path: period value: -1
2016-09-09 23:15:17.183 [main] INFO  io.agi.framework.Framework - Set config of: 2016-09-09-11:15:15/value-series-predicted path: entityName value: 2016-09-09-11:15:15/class-features
2016-09-09 23:15:17.203 [main] INFO  io.agi.framework.Framework - Set config of: 2016-09-09-11:15:15/value-series-error path: entityName value: 2016-09-09-11:15:15/class-features
2016-09-09 23:15:17.224 [main] INFO  io.agi.framework.Framework - Set config of: 2016-09-09-11:15:15/value-series-truth path: entityName value: 2016-09-09-11:15:15/class-features
2016-09-09 23:15:17.244 [main] INFO  io.agi.framework.Framework - Set config of: 2016-09-09-11:15:15/value-series-predicted path: configPath value: classPredicted
2016-09-09 23:15:17.265 [main] INFO  io.agi.framework.Framework - Set config of: 2016-09-09-11:15:15/value-series-error path: configPath value: classError
2016-09-09 23:15:17.287 [main] INFO  io.agi.framework.Framework - Set config of: 2016-09-09-11:15:15/value-series-truth path: configPath value: classTruth
2016-09-09 23:15:17.323 [main] ERROR io.agi.framework.Main - [Ljava.lang.StackTraceElement;@2aece37d
